\BOOKMARK [0][]{Contents.0}{Contents}{}% 1
\BOOKMARK [0][]{chapter*.2}{List of Figures}{}% 2
\BOOKMARK [0][]{chapter*.3}{List of Tables}{}% 3
\BOOKMARK [0][]{chapter*.4}{List of Abbreviations}{}% 4
\BOOKMARK [0][]{chapter.1}{1 Introduction}{}% 5
\BOOKMARK [0][]{chapter.2}{2 Content Chapter 1}{}% 6
\BOOKMARK [1][-]{section.2.1}{2.1 Section 1}{chapter.2}% 7
\BOOKMARK [1][-]{section.2.2}{2.2 Section 2}{chapter.2}% 8
\BOOKMARK [0][]{chapter.3}{3 Content Chapter 2}{}% 9
\BOOKMARK [1][-]{section.3.1}{3.1 Section 1}{chapter.3}% 10
\BOOKMARK [1][-]{section.3.2}{3.2 Section 2}{chapter.3}% 11
\BOOKMARK [0][]{chapter.4}{4 Evaluation}{}% 12
\BOOKMARK [1][-]{section.4.1}{4.1 Section 1}{chapter.4}% 13
\BOOKMARK [1][-]{section.4.2}{4.2 Section 2}{chapter.4}% 14
\BOOKMARK [1][-]{section.4.3}{4.3 Section 3}{chapter.4}% 15
\BOOKMARK [1][-]{section.4.4}{4.4 Section 4}{chapter.4}% 16
\BOOKMARK [1][-]{section.4.5}{4.5 Section 5}{chapter.4}% 17
\BOOKMARK [0][]{chapter.5}{5 Conclusion}{}% 18
\BOOKMARK [0][]{chapter.6}{6 Declaration}{}% 19
\BOOKMARK [0][]{chapter*.5}{Appendix}{}% 20
\BOOKMARK [1][-]{section.6.1}{A First Appendix Section}{chapter*.5}% 21
\BOOKMARK [0][]{section*.6}{Bibliography}{}% 22
